<?xml version="1.0" encoding="UTF-8"?>
<!-- Generated by org.testng.reporters.JUnitReportReporter -->
<testsuite hostname="DESKTOP-DSB6Q62" failures="0" tests="3" name="EST_TimeZone.TestNgExp10" time="23.791" errors="0" timestamp="2020-08-10T09:17:09 EDT" skipped="0">
  <testcase classname="EST_TimeZone.TestNgExp10" name="LaunchAUT" time="9.636"/>
  <system-out/>
  <testcase classname="EST_TimeZone.TestNgExp10" name="SendData" time="4.259"/>
  <system-out/>
  <testcase classname="EST_TimeZone.TestNgExp10" name="Click" time="9.896"/>
  <system-out/>
</testsuite> <!-- EST_TimeZone.TestNgExp10 -->
