<?xml version="1.0" encoding="UTF-8"?>
<!-- Generated by org.testng.reporters.JUnitReportReporter -->
<testsuite hostname="DESKTOP-DSB6Q62" failures="0" tests="1" name="EST_TimeZone.TestNgExp19" time="9.428" errors="0" timestamp="2020-08-24T08:39:30 EDT" skipped="0">
  <testcase classname="EST_TimeZone.TestNgExp19" name="LaunchAUT" time="9.428"/>
  <system-out/>
</testsuite> <!-- EST_TimeZone.TestNgExp19 -->
