<?xml version="1.0" encoding="UTF-8"?>
<!-- Generated by org.testng.reporters.JUnitReportReporter -->
<testsuite hostname="DESKTOP-DSB6Q62" failures="0" tests="3" name="EST_TimeZone.TestNgExp13" time="21.411" errors="0" timestamp="2020-08-10T12:46:22 EDT" skipped="0">
  <testcase classname="EST_TimeZone.TestNgExp13" name="LaunchAUT" time="10.620"/>
  <system-out/>
  <testcase classname="EST_TimeZone.TestNgExp13" name="senddata" time="6.467"/>
  <system-out/>
  <testcase classname="EST_TimeZone.TestNgExp13" name="closeAUT" time="4.324"/>
  <system-out/>
</testsuite> <!-- EST_TimeZone.TestNgExp13 -->
