<?xml version="1.0" encoding="UTF-8"?>
<!-- Generated by org.testng.reporters.JUnitReportReporter -->
<testsuite hostname="DESKTOP-DSB6Q62" failures="0" tests="3" name="EST_TimeZone.TestNgExp18" time="12.213" errors="0" timestamp="2020-08-20T14:22:16 EDT" skipped="0">
  <testcase classname="EST_TimeZone.TestNgExp18" name="LaunchAUT" time="10.849"/>
  <system-out/>
  <testcase classname="EST_TimeZone.TestNgExp18" name="InputData" time="1.151"/>
  <system-out/>
  <testcase classname="EST_TimeZone.TestNgExp18" name="closeAUT" time="0.213"/>
  <system-out/>
</testsuite> <!-- EST_TimeZone.TestNgExp18 -->
