<?xml version="1.0" encoding="UTF-8"?>
<!-- Generated by org.testng.reporters.JUnitReportReporter -->
<testsuite hostname="DESKTOP-DSB6Q62" failures="0" tests="2" name="EST_TimeZone.TestNgExp8" time="0.006" errors="0" timestamp="2020-08-07T11:00:49 EDT" skipped="0">
  <testcase classname="EST_TimeZone.TestNgExp8" name="printsome12" time="0.001"/>
  <system-out/>
  <testcase classname="EST_TimeZone.TestNgExp8" name="printsome" time="0.005"/>
  <system-out/>
</testsuite> <!-- EST_TimeZone.TestNgExp8 -->
