<?xml version="1.0" encoding="UTF-8"?>
<!-- Generated by org.testng.reporters.JUnitReportReporter -->
<testsuite hostname="DESKTOP-DSB6Q62" failures="0" tests="4" name="EST_TimeZone.TestNgExp14" time="19.793" errors="0" timestamp="2020-08-19T11:54:01 EDT" skipped="1">
  <testcase classname="EST_TimeZone.TestNgExp14" name="LaunchAUT" time="14.956"/>
  <system-out/>
  <testcase classname="EST_TimeZone.TestNgExp14" name="senddata" time="4.341"/>
  <system-out/>
  <testcase classname="EST_TimeZone.TestNgExp14" name="takescreeshot" time="0.496"/>
  <system-out/>
  <testcase classname="EST_TimeZone.TestNgExp14" name="closeAUT">
    <skipped/>
  </testcase> <!-- closeAUT -->
  <system-out/>
</testsuite> <!-- EST_TimeZone.TestNgExp14 -->
