<?xml version="1.0" encoding="UTF-8"?>
<!-- Generated by org.testng.reporters.JUnitReportReporter -->
<testsuite hostname="DESKTOP-DSB6Q62" failures="0" tests="1" name="EST_TimeZone.TestNgExp17" time="10.682" errors="0" timestamp="2020-08-20T13:21:46 EDT" skipped="0">
  <testcase classname="EST_TimeZone.TestNgExp17" name="LaunchAUT" time="10.682"/>
  <system-out/>
</testsuite> <!-- EST_TimeZone.TestNgExp17 -->
