<?xml version="1.0" encoding="UTF-8"?>
<!-- Generated by org.testng.reporters.JUnitReportReporter -->
<testsuite hostname="DESKTOP-DSB6Q62" failures="0" tests="6" name="EST_TimeZone.TestNgExp20" time="26.524" errors="0" timestamp="2020-08-24T17:12:46 EDT" skipped="0">
  <testcase classname="EST_TimeZone.TestNgExp20" name="LaunchAUT" time="9.619"/>
  <system-out/>
  <testcase classname="EST_TimeZone.TestNgExp20" name="SendDataactions" time="2.195"/>
  <system-out/>
  <testcase classname="EST_TimeZone.TestNgExp20" name="senddatausingjavascript" time="4.049"/>
  <system-out/>
  <testcase classname="EST_TimeZone.TestNgExp20" name="Navigator" time="5.658"/>
  <system-out/>
  <testcase classname="EST_TimeZone.TestNgExp20" name="scroll" time="4.316"/>
  <system-out/>
  <testcase classname="EST_TimeZone.TestNgExp20" name="closeAUT" time="0.687"/>
  <system-out/>
</testsuite> <!-- EST_TimeZone.TestNgExp20 -->
