<?xml version="1.0" encoding="UTF-8"?>
<!-- Generated by org.testng.reporters.JUnitReportReporter -->
<testsuite hostname="DESKTOP-DSB6Q62" failures="0" tests="5" name="EST_TimeZone.TestNgExp9" time="0.014" errors="0" timestamp="2020-08-10T08:59:34 EDT" skipped="0">
  <testcase classname="EST_TimeZone.TestNgExp9" name="C" time="0.008"/>
  <system-out/>
  <testcase classname="EST_TimeZone.TestNgExp9" name="A" time="0.001"/>
  <system-out/>
  <testcase classname="EST_TimeZone.TestNgExp9" name="B" time="0.001"/>
  <system-out/>
  <testcase classname="EST_TimeZone.TestNgExp9" name="D" time="0.002"/>
  <system-out/>
  <testcase classname="EST_TimeZone.TestNgExp9" name="E" time="0.002"/>
  <system-out/>
</testsuite> <!-- EST_TimeZone.TestNgExp9 -->
