<?xml version="1.0" encoding="UTF-8"?>
<!-- Generated by org.testng.reporters.JUnitReportReporter -->
<testsuite hostname="DESKTOP-DSB6Q62" failures="0" tests="4" name="EST_TimeZone.TestNgExp4" time="18.206" errors="0" timestamp="2020-08-10T12:22:00 EDT" skipped="0">
  <testcase classname="EST_TimeZone.TestNgExp4" name="Senddata" time="4.270"/>
  <system-out/>
  <testcase classname="EST_TimeZone.TestNgExp4" name="LaunchAUT" time="11.078"/>
  <system-out/>
  <testcase classname="EST_TimeZone.TestNgExp4" name="clickonlogin" time="2.714"/>
  <system-out/>
  <testcase classname="EST_TimeZone.TestNgExp4" name="closeAUT" time="0.144"/>
  <system-out/>
</testsuite> <!-- EST_TimeZone.TestNgExp4 -->
