<?xml version="1.0" encoding="UTF-8"?>
<!-- Generated by org.testng.reporters.JUnitReportReporter -->
<testsuite hostname="DESKTOP-DSB6Q62" failures="0" tests="4" name="EST_TimeZone.TestNgExp15" time="16.292" errors="0" timestamp="2020-08-19T12:24:27 EDT" skipped="0">
  <testcase classname="EST_TimeZone.TestNgExp15" name="LaunchAUT" time="9.480"/>
  <system-out/>
  <testcase classname="EST_TimeZone.TestNgExp15" name="SendData" time="4.095"/>
  <system-out/>
  <testcase classname="EST_TimeZone.TestNgExp15" name="Highlight" time="2.041"/>
  <system-out/>
  <testcase classname="EST_TimeZone.TestNgExp15" name="CloseAUT" time="0.676"/>
  <system-out/>
</testsuite> <!-- EST_TimeZone.TestNgExp15 -->
