<?xml version="1.0" encoding="UTF-8"?>
<!-- Generated by org.testng.reporters.JUnitReportReporter -->
<testsuite hostname="DESKTOP-DSB6Q62" failures="0" tests="3" name="EST_TimeZone.TestNgExp1" time="0.003" errors="0" timestamp="2020-08-07T11:01:50 EDT" skipped="0">
  <testcase classname="EST_TimeZone.TestNgExp1" name="work" time="0.002"/>
  <system-out/>
  <testcase classname="EST_TimeZone.TestNgExp1" name="Sayyouraddress" time="0.000"/>
  <system-out/>
  <testcase classname="EST_TimeZone.TestNgExp1" name="PrintMsg" time="0.001"/>
  <system-out/>
</testsuite> <!-- EST_TimeZone.TestNgExp1 -->
