<?xml version="1.0" encoding="UTF-8"?>
<!-- Generated by org.testng.reporters.JUnitReportReporter -->
<testsuite hostname="DESKTOP-DSB6Q62" failures="0" tests="2" name="EST_TimeZone.TestNgExp5" time="0.004" errors="0" timestamp="2020-08-07T11:01:50 EDT" skipped="0">
  <testcase classname="EST_TimeZone.TestNgExp5" name="PrimaryTc02" time="0.001"/>
  <system-out/>
  <testcase classname="EST_TimeZone.TestNgExp5" name="SuperClassTc01" time="0.003"/>
  <system-out/>
</testsuite> <!-- EST_TimeZone.TestNgExp5 -->
