<?xml version="1.0" encoding="UTF-8"?>
<!-- Generated by org.testng.reporters.JUnitReportReporter -->
<testsuite hostname="DESKTOP-DSB6Q62" failures="0" tests="2" name="EST_TimeZone.TestNgExp6" time="0.008" errors="0" timestamp="2020-08-07T11:01:50 EDT" skipped="0">
  <testcase classname="EST_TimeZone.TestNgExp6" name="PrintSomething" time="0.007"/>
  <system-out/>
  <testcase classname="EST_TimeZone.TestNgExp6" name="SayHello" time="0.001"/>
  <system-out/>
</testsuite> <!-- EST_TimeZone.TestNgExp6 -->
