<?xml version="1.0" encoding="UTF-8"?>
<!-- Generated by org.testng.reporters.JUnitReportReporter -->
<testsuite hostname="DESKTOP-DSB6Q62" failures="0" tests="3" name="EST_TimeZone.TestNgExp12" time="20.428" errors="0" timestamp="2020-08-10T12:09:26 EDT" skipped="0">
  <testcase classname="EST_TimeZone.TestNgExp12" name="LaunchAUT" time="16.023"/>
  <system-out/>
  <testcase classname="EST_TimeZone.TestNgExp12" name="SendData" time="4.291"/>
  <system-out/>
  <testcase classname="EST_TimeZone.TestNgExp12" name="CloseAUT" time="0.114"/>
  <system-out/>
</testsuite> <!-- EST_TimeZone.TestNgExp12 -->
