<?xml version="1.0" encoding="UTF-8"?>
<!-- Generated by org.testng.reporters.JUnitReportReporter -->
<testsuite hostname="DESKTOP-DSB6Q62" failures="0" tests="4" name="EST_TimeZone.TestNgExp2" time="0.003" errors="0" timestamp="2020-08-07T11:01:50 EDT" skipped="0">
  <testcase classname="EST_TimeZone.TestNgExp2" name="l" time="0.000"/>
  <system-out/>
  <testcase classname="EST_TimeZone.TestNgExp2" name="f" time="0.001"/>
  <system-out/>
  <testcase classname="EST_TimeZone.TestNgExp2" name="g" time="0.001"/>
  <system-out/>
  <testcase classname="EST_TimeZone.TestNgExp2" name="h" time="0.001"/>
  <system-out/>
</testsuite> <!-- EST_TimeZone.TestNgExp2 -->
