<?xml version="1.0" encoding="UTF-8"?>
<!-- Generated by org.testng.reporters.JUnitReportReporter -->
<testsuite hostname="DESKTOP-DSB6Q62" failures="0" tests="7" name="EST_TimeZone.TestNgExp3" time="0.007" errors="0" timestamp="2020-08-07T11:01:50 EDT" skipped="0">
  <testcase classname="EST_TimeZone.TestNgExp3" name="h" time="0.001"/>
  <system-out/>
  <testcase classname="EST_TimeZone.TestNgExp3" name="d" time="0.001"/>
  <system-out/>
  <testcase classname="EST_TimeZone.TestNgExp3" name="y" time="0.001"/>
  <system-out/>
  <testcase classname="EST_TimeZone.TestNgExp3" name="f" time="0.001"/>
  <system-out/>
  <testcase classname="EST_TimeZone.TestNgExp3" name="j" time="0.001"/>
  <system-out/>
  <testcase classname="EST_TimeZone.TestNgExp3" name="k" time="0.001"/>
  <system-out/>
  <testcase classname="EST_TimeZone.TestNgExp3" name="p" time="0.001"/>
  <system-out/>
</testsuite> <!-- EST_TimeZone.TestNgExp3 -->
